<?xml version="1.0" encoding="UTF-8"?>
<testng-results skipped="0" failed="0" total="1" passed="1">
  <reporter-output>
  </reporter-output>
  <suite name="game.capture.TestTencentGameCapture" duration-ms="21137" started-at="2015-07-09T19:47:50Z" finished-at="2015-07-09T19:48:11Z">
    <groups>
    </groups>
    <test name="Command line test" duration-ms="21137" started-at="2015-07-09T19:47:50Z" finished-at="2015-07-09T19:48:11Z">
      <class name="game.capture.TestTencentGameCapture">
        <test-method status="PASS" signature="setUp()" name="setUp" is-config="true" duration-ms="7709" started-at="2015-07-09T19:47:50Z" finished-at="2015-07-09T19:47:57Z">
        </test-method>
        <test-method status="PASS" signature="testCaptureTiantiankupao()" name="testCaptureTiantiankupao" duration-ms="11287" started-at="2015-07-09T19:47:57Z" finished-at="2015-07-09T19:48:09Z">
        </test-method>
        <test-method status="PASS" signature="tearDown()" name="tearDown" is-config="true" duration-ms="2121" started-at="2015-07-09T19:48:09Z" finished-at="2015-07-09T19:48:11Z">
        </test-method>
      </class>
    </test>
  </suite>
</testng-results>
